[debug] [2019-10-23T03:19:49.571Z] ----------------------------------------------------------------------
[debug] [2019-10-23T03:19:49.574Z] Command:       /usr/local/bin/node /usr/local/bin/firebase serve
[debug] [2019-10-23T03:19:49.574Z] CLI Version:   7.5.0
[debug] [2019-10-23T03:19:49.574Z] Platform:      darwin
[debug] [2019-10-23T03:19:49.574Z] Node Version:  v10.16.3
[debug] [2019-10-23T03:19:49.575Z] Time:          Tue Oct 22 2019 23:19:49 GMT-0400 (Eastern Daylight Time)
[debug] [2019-10-23T03:19:49.575Z] ----------------------------------------------------------------------
[debug] 
[debug] [2019-10-23T03:19:49.590Z] > command requires scopes: ["email","openid","https://www.googleapis.com/auth/cloudplatformprojects.readonly","https://www.googleapis.com/auth/firebase","https://www.googleapis.com/auth/cloud-platform"]
[debug] [2019-10-23T03:19:49.590Z] > authorizing via signed-in user
[debug] [2019-10-23T03:19:49.590Z] [iam] checking project cookingwithfriends-2c4d6 for permissions ["firebase.projects.get"]
[debug] [2019-10-23T03:19:49.593Z] > refreshing access token with scopes: ["email","https://www.googleapis.com/auth/cloud-platform","https://www.googleapis.com/auth/cloudplatformprojects.readonly","https://www.googleapis.com/auth/firebase","openid"]
[debug] [2019-10-23T03:19:49.594Z] >>> HTTP REQUEST POST https://www.googleapis.com/oauth2/v3/token  
 <request body omitted>
[debug] [2019-10-23T03:19:49.819Z] <<< HTTP RESPONSE 200
[debug] [2019-10-23T03:19:49.838Z] >>> HTTP REQUEST POST https://cloudresourcemanager.googleapis.com/v1/projects/cookingwithfriends-2c4d6:testIamPermissions  

[debug] [2019-10-23T03:19:50.001Z] <<< HTTP RESPONSE 200
[debug] [2019-10-23T03:19:50.003Z] >>> HTTP REQUEST GET https://firebase.googleapis.com/v1beta1/projects/cookingwithfriends-2c4d6  
 
[debug] [2019-10-23T03:19:50.208Z] <<< HTTP RESPONSE 200
[info] 
[info] === Serving from '/Users/dom'...
[info] 
[debug] [2019-10-23T03:19:50.212Z] >>> HTTP REQUEST GET https://firebase.googleapis.com/v1beta1/projects/cookingwithfriends-2c4d6/webApps/-/config  
 
[debug] [2019-10-23T03:19:51.367Z] <<< HTTP RESPONSE 200
[info] i  hosting: Serving hosting files from: Documents/CookingWithFriends/React_Frontend/build
[info] ✔  hosting: Local server: http://localhost:5000
